This file contains any messages produced by compilers while
running configure, to aid debugging if configure makes a mistake.

It was created by configure, which was
generated by GNU Autoconf 2.69.  Invocation command line was

  $ ./configure 

## --------- ##
## Platform. ##
## --------- ##

hostname = luke-Inspiron-7537
uname -m = x86_64
uname -r = 3.13.0-48-generic
uname -s = Linux
uname -v = #80-Ubuntu SMP Thu Mar 12 11:16:15 UTC 2015

/usr/bin/uname -p = unknown
/bin/uname -X     = unknown

/bin/arch              = unknown
/usr/bin/arch -k       = unknown
/usr/convex/getsysinfo = unknown
/usr/bin/hostinfo      = unknown
/bin/machine           = unknown
/usr/bin/oslevel       = unknown
/bin/universe          = unknown

PATH: /home/luke/bin
PATH: /usr/local/sbin
PATH: /usr/local/bin
PATH: /usr/sbin
PATH: /usr/bin
PATH: /sbin
PATH: /bin
PATH: /usr/games
PATH: /usr/local/games
PATH: /home/luke/algs4/bin
PATH: /home/luke/algs4/bin


## ----------- ##
## Core tests. ##
## ----------- ##

configure:2073: checking for gcc
configure:2089: found /usr/bin/gcc
configure:2100: result: gcc
configure:2329: checking for C compiler version
configure:2338: gcc --version >&5
gcc (Ubuntu 4.8.2-19ubuntu1) 4.8.2
Copyright (C) 2013 Free Software Foundation, Inc.
This is free software; see the source for copying conditions.  There is NO
warranty; not even for MERCHANTABILITY or FITNESS FOR A PARTICULAR PURPOSE.

configure:2349: $? = 0
configure:2338: gcc -v >&5
Using built-in specs.
COLLECT_GCC=gcc
COLLECT_LTO_WRAPPER=/usr/lib/gcc/x86_64-linux-gnu/4.8/lto-wrapper
Target: x86_64-linux-gnu
Configured with: ../src/configure -v --with-pkgversion='Ubuntu 4.8.2-19ubuntu1' --with-bugurl=file:///usr/share/doc/gcc-4.8/README.Bugs --enable-languages=c,c++,java,go,d,fortran,objc,obj-c++ --prefix=/usr --program-suffix=-4.8 --enable-shared --enable-linker-build-id --libexecdir=/usr/lib --without-included-gettext --enable-threads=posix --with-gxx-include-dir=/usr/include/c++/4.8 --libdir=/usr/lib --enable-nls --with-sysroot=/ --enable-clocale=gnu --enable-libstdcxx-debug --enable-libstdcxx-time=yes --enable-gnu-unique-object --disable-libmudflap --enable-plugin --with-system-zlib --disable-browser-plugin --enable-java-awt=gtk --enable-gtk-cairo --with-java-home=/usr/lib/jvm/java-1.5.0-gcj-4.8-amd64/jre --enable-java-home --with-jvm-root-dir=/usr/lib/jvm/java-1.5.0-gcj-4.8-amd64 --with-jvm-jar-dir=/usr/lib/jvm-exports/java-1.5.0-gcj-4.8-amd64 --with-arch-directory=amd64 --with-ecj-jar=/usr/share/java/eclipse-ecj.jar --enable-objc-gc --enable-multiarch --disable-werror --with-arch-32=i686 --with-abi=m64 --with-multilib-list=m32,m64,mx32 --with-tune=generic --enable-checking=release --build=x86_64-linux-gnu --host=x86_64-linux-gnu --target=x86_64-linux-gnu
Thread model: posix
gcc version 4.8.2 (Ubuntu 4.8.2-19ubuntu1) 
configure:2349: $? = 0
configure:2338: gcc -V >&5
gcc: error: unrecognized command line option '-V'
gcc: fatal error: no input files
compilation terminated.
configure:2349: $? = 4
configure:2338: gcc -qversion >&5
gcc: error: unrecognized command line option '-qversion'
gcc: fatal error: no input files
compilation terminated.
configure:2349: $? = 4
configure:2369: checking whether the C compiler works
configure:2391: gcc    conftest.c  >&5
configure:2395: $? = 0
configure:2443: result: yes
configure:2446: checking for C compiler default output file name
configure:2448: result: a.out
configure:2454: checking for suffix of executables
configure:2461: gcc -o conftest    conftest.c  >&5
configure:2465: $? = 0
configure:2487: result: 
configure:2509: checking whether we are cross compiling
configure:2517: gcc -o conftest    conftest.c  >&5
configure:2521: $? = 0
configure:2528: ./conftest
configure:2532: $? = 0
configure:2547: result: no
configure:2552: checking for suffix of object files
configure:2574: gcc -c   conftest.c >&5
configure:2578: $? = 0
configure:2599: result: o
configure:2603: checking whether we are using the GNU C compiler
configure:2622: gcc -c   conftest.c >&5
configure:2622: $? = 0
configure:2631: result: yes
configure:2640: checking whether gcc accepts -g
configure:2660: gcc -c -g  conftest.c >&5
configure:2660: $? = 0
configure:2701: result: yes
configure:2718: checking for gcc option to accept ISO C89
configure:2781: gcc  -c -g -O2  conftest.c >&5
configure:2781: $? = 0
configure:2794: result: none needed
configure:2821: checking how to run the C preprocessor
configure:2852: gcc -E  conftest.c
configure:2852: $? = 0
configure:2866: gcc -E  conftest.c
conftest.c:9:28: fatal error: ac_nonexistent.h: No such file or directory
 #include <ac_nonexistent.h>
                            ^
compilation terminated.
configure:2866: $? = 1
configure: failed program was:
| /* confdefs.h */
| #define PACKAGE_NAME ""
| #define PACKAGE_TARNAME ""
| #define PACKAGE_VERSION ""
| #define PACKAGE_STRING ""
| #define PACKAGE_BUGREPORT ""
| #define PACKAGE_URL ""
| /* end confdefs.h.  */
| #include <ac_nonexistent.h>
configure:2891: result: gcc -E
configure:2911: gcc -E  conftest.c
configure:2911: $? = 0
configure:2925: gcc -E  conftest.c
conftest.c:9:28: fatal error: ac_nonexistent.h: No such file or directory
 #include <ac_nonexistent.h>
                            ^
compilation terminated.
configure:2925: $? = 1
configure: failed program was:
| /* confdefs.h */
| #define PACKAGE_NAME ""
| #define PACKAGE_TARNAME ""
| #define PACKAGE_VERSION ""
| #define PACKAGE_STRING ""
| #define PACKAGE_BUGREPORT ""
| #define PACKAGE_URL ""
| /* end confdefs.h.  */
| #include <ac_nonexistent.h>
configure:2954: checking for X
configure:3062: gcc -E  conftest.c
configure:3062: $? = 0
configure:3093: gcc -o conftest -g -O2   conftest.c -lX11  >&5
configure:3093: $? = 0
configure:3143: result: libraries , headers 
configure:3151: checking for XFlush in -lX11
configure:3176: gcc -o conftest -I -g -O2   conftest.c -lX11   >&5
configure:3176: $? = 0
configure:3185: result: yes
configure:3196: checking for XpmReadFileToPixmap in -lXpm
configure:3221: gcc -o conftest -I -g -O2   conftest.c -lXpm  -lX11  >&5
configure:3221: $? = 0
configure:3230: result: yes
configure:3249: checking for tan in -lm
configure:3274: gcc -o conftest -I -g -O2   conftest.c -lm  -lXpm -lX11  >&5
conftest.c:18:6: warning: conflicting types for built-in function 'tan' [enabled by default]
 char tan ();
      ^
configure:3274: $? = 0
configure:3283: result: yes
configure:3295: checking for grep that handles long lines and -e
configure:3353: result: /bin/grep
configure:3358: checking for egrep
configure:3420: result: /bin/grep -E
configure:3425: checking for ANSI C header files
configure:3445: gcc -c -I -g -O2  conftest.c >&5
configure:3445: $? = 0
configure:3518: gcc -o conftest -I -g -O2   conftest.c -lm -lXpm -lX11  >&5
configure:3518: $? = 0
configure:3518: ./conftest
configure:3518: $? = 0
configure:3529: result: yes
configure:3542: checking for sys/types.h
configure:3542: gcc -c -I -g -O2  conftest.c >&5
configure:3542: $? = 0
configure:3542: result: yes
configure:3542: checking for sys/stat.h
configure:3542: gcc -c -I -g -O2  conftest.c >&5
configure:3542: $? = 0
configure:3542: result: yes
configure:3542: checking for stdlib.h
configure:3542: gcc -c -I -g -O2  conftest.c >&5
configure:3542: $? = 0
configure:3542: result: yes
configure:3542: checking for string.h
configure:3542: gcc -c -I -g -O2  conftest.c >&5
configure:3542: $? = 0
configure:3542: result: yes
configure:3542: checking for memory.h
configure:3542: gcc -c -I -g -O2  conftest.c >&5
configure:3542: $? = 0
configure:3542: result: yes
configure:3542: checking for strings.h
configure:3542: gcc -c -I -g -O2  conftest.c >&5
configure:3542: $? = 0
configure:3542: result: yes
configure:3542: checking for inttypes.h
configure:3542: gcc -c -I -g -O2  conftest.c >&5
configure:3542: $? = 0
configure:3542: result: yes
configure:3542: checking for stdint.h
configure:3542: gcc -c -I -g -O2  conftest.c >&5
configure:3542: $? = 0
configure:3542: result: yes
configure:3542: checking for unistd.h
configure:3542: gcc -c -I -g -O2  conftest.c >&5
configure:3542: $? = 0
configure:3542: result: yes
configure:3556: checking for unistd.h
configure:3556: result: yes
configure:3721: creating ./config.status

## ---------------------- ##
## Running config.status. ##
## ---------------------- ##

This file was extended by config.status, which was
generated by GNU Autoconf 2.69.  Invocation command line was

  CONFIG_FILES    = 
  CONFIG_HEADERS  = 
  CONFIG_LINKS    = 
  CONFIG_COMMANDS = 
  $ ./config.status 

on luke-Inspiron-7537

config.status:725: creating Makefile

## ---------------- ##
## Cache variables. ##
## ---------------- ##

ac_cv_c_compiler_gnu=yes
ac_cv_env_CC_set=
ac_cv_env_CC_value=
ac_cv_env_CFLAGS_set=
ac_cv_env_CFLAGS_value=
ac_cv_env_CPPFLAGS_set=
ac_cv_env_CPPFLAGS_value=
ac_cv_env_CPP_set=
ac_cv_env_CPP_value=
ac_cv_env_LDFLAGS_set=
ac_cv_env_LDFLAGS_value=
ac_cv_env_LIBS_set=
ac_cv_env_LIBS_value=
ac_cv_env_XMKMF_set=
ac_cv_env_XMKMF_value=
ac_cv_env_build_alias_set=
ac_cv_env_build_alias_value=
ac_cv_env_host_alias_set=
ac_cv_env_host_alias_value=
ac_cv_env_target_alias_set=
ac_cv_env_target_alias_value=
ac_cv_have_x='have_x=yes	ac_x_includes='\'''\''	ac_x_libraries='\'''\'''
ac_cv_header_inttypes_h=yes
ac_cv_header_memory_h=yes
ac_cv_header_stdc=yes
ac_cv_header_stdint_h=yes
ac_cv_header_stdlib_h=yes
ac_cv_header_string_h=yes
ac_cv_header_strings_h=yes
ac_cv_header_sys_stat_h=yes
ac_cv_header_sys_types_h=yes
ac_cv_header_unistd_h=yes
ac_cv_lib_X11_XFlush=yes
ac_cv_lib_Xpm_XpmReadFileToPixmap=yes
ac_cv_lib_m_tan=yes
ac_cv_objext=o
ac_cv_path_EGREP='/bin/grep -E'
ac_cv_path_GREP=/bin/grep
ac_cv_prog_CPP='gcc -E'
ac_cv_prog_ac_ct_CC=gcc
ac_cv_prog_cc_c89=
ac_cv_prog_cc_g=yes

## ----------------- ##
## Output variables. ##
## ----------------- ##

CC='gcc'
CFLAGS='-I -g -O2'
CPP='gcc -E'
CPPFLAGS=''
DEFS='-DPACKAGE_NAME=\"\" -DPACKAGE_TARNAME=\"\" -DPACKAGE_VERSION=\"\" -DPACKAGE_STRING=\"\" -DPACKAGE_BUGREPORT=\"\" -DPACKAGE_URL=\"\" -DHAVE_LIBX11=1 -DHAVE_LIBXPM=1 -DHAVE_LIBM=1 -DSTDC_HEADERS=1 -DHAVE_SYS_TYPES_H=1 -DHAVE_SYS_STAT_H=1 -DHAVE_STDLIB_H=1 -DHAVE_STRING_H=1 -DHAVE_MEMORY_H=1 -DHAVE_STRINGS_H=1 -DHAVE_INTTYPES_H=1 -DHAVE_STDINT_H=1 -DHAVE_UNISTD_H=1 -DHAVE_UNISTD_H=1'
ECHO_C=''
ECHO_N='-n'
ECHO_T=''
EGREP='/bin/grep -E'
EXEEXT=''
GREP='/bin/grep'
LDFLAGS=''
LIBOBJS=''
LIBS='-lm -lXpm -lX11 '
LTLIBOBJS=''
OBJEXT='o'
PACKAGE_BUGREPORT=''
PACKAGE_NAME=''
PACKAGE_STRING=''
PACKAGE_TARNAME=''
PACKAGE_URL=''
PACKAGE_VERSION=''
PATH_SEPARATOR=':'
SHELL='/bin/bash'
XMKMF=''
XPMTEST=''
ac_ct_CC='gcc'
bindir='${exec_prefix}/bin'
build_alias=''
datadir='${datarootdir}'
datarootdir='${prefix}/share'
docdir='${datarootdir}/doc/${PACKAGE}'
dvidir='${docdir}'
exec_prefix='${prefix}'
host_alias=''
htmldir='${docdir}'
includedir='${prefix}/include'
infodir='${datarootdir}/info'
libdir='${exec_prefix}/lib'
libexecdir='${exec_prefix}/libexec'
localedir='${datarootdir}/locale'
localstatedir='${prefix}/var'
mandir='${datarootdir}/man'
oldincludedir='/usr/include'
pdfdir='${docdir}'
prefix='/usr/local'
program_transform_name='s,x,x,'
psdir='${docdir}'
sbindir='${exec_prefix}/sbin'
sharedstatedir='${prefix}/com'
sysconfdir='${prefix}/etc'
target_alias=''

## ----------- ##
## confdefs.h. ##
## ----------- ##

/* confdefs.h */
#define PACKAGE_NAME ""
#define PACKAGE_TARNAME ""
#define PACKAGE_VERSION ""
#define PACKAGE_STRING ""
#define PACKAGE_BUGREPORT ""
#define PACKAGE_URL ""
#define HAVE_LIBX11 1
#define HAVE_LIBXPM 1
#define HAVE_LIBM 1
#define STDC_HEADERS 1
#define HAVE_SYS_TYPES_H 1
#define HAVE_SYS_STAT_H 1
#define HAVE_STDLIB_H 1
#define HAVE_STRING_H 1
#define HAVE_MEMORY_H 1
#define HAVE_STRINGS_H 1
#define HAVE_INTTYPES_H 1
#define HAVE_STDINT_H 1
#define HAVE_UNISTD_H 1
#define HAVE_UNISTD_H 1

configure: exit 0
